[31mCMake Error at /opt/ros/humble/share/rosidl_adapter/cmake/rosidl_adapt_interfaces.cmake:59 (message):
  execute_process(/home/huanyue/.conda/envs/inu-python3.6/bin/python3 -m
  rosidl_adapter --package-name ref_slam_interface --arguments-file
  /home/huanyue/weicanming/ros2_projects/usbcan_ws/src/ref_slam_interface/build/ref_slam_interface/rosidl_adapter__arguments__ref_slam_interface.json
  --output-dir
  /home/huanyue/weicanming/ros2_projects/usbcan_ws/src/ref_slam_interface/build/ref_slam_interface/rosidl_adapter/ref_slam_interface
  --output-file
  /home/huanyue/weicanming/ros2_projects/usbcan_ws/src/ref_slam_interface/build/ref_slam_interface/rosidl_adapter/ref_slam_interface.idls)
  returned error code 1:

  Traceback (most recent call last):

    File "/home/huanyue/.conda/envs/inu-python3.6/lib/python3.6/runpy.py", line 193, in _run_module_as_main
      "__main__", mod_spec)
    File "/home/huanyue/.conda/envs/inu-python3.6/lib/python3.6/runpy.py", line 85, in _run_code
      exec(code, run_globals)
    File "/opt/ros/humble/local/lib/python3.10/dist-packages/rosidl_adapter/__main__.py", line 19, in <module>
      sys.exit(main())
    File "/opt/ros/humble/local/lib/python3.10/dist-packages/rosidl_adapter/main.py", line 55, in main
      pathlib.Path(relative_path), output_dir)
    File "/opt/ros/humble/local/lib/python3.10/dist-packages/rosidl_adapter/__init__.py", line 23, in convert_to_idl
      from rosidl_adapter.srv import convert_srv_to_idl
    File "/opt/ros/humble/local/lib/python3.10/dist-packages/rosidl_adapter/srv/__init__.py", line 16, in <module>
      from rosidl_adapter.resource import expand_template
    File "/opt/ros/humble/local/lib/python3.10/dist-packages/rosidl_adapter/resource/__init__.py", line 19, in <module>
      import em

  ModuleNotFoundError: No module named 'em'

Call Stack (most recent call first):
  /opt/ros/humble/share/rosidl_cmake/cmake/rosidl_generate_interfaces.cmake:130 (rosidl_adapt_interfaces)
  CMakeLists.txt:19 (rosidl_generate_interfaces)

[0m
