[0.009s] Invoking command in '/home/huanyue/weicanming/ros2_projects/usbcan_ws/src/ref_slam_interface/build/ref_slam_interface': CMAKE_PREFIX_PATH=/opt/ros/humble CONDA_PROMPT_MODIFIER=(inu-python3.6) /usr/bin/cmake /home/huanyue/weicanming/ros2_projects/usbcan_ws/src/ref_slam_interface -DCMAKE_INSTALL_PREFIX=/home/huanyue/weicanming/ros2_projects/usbcan_ws/src/ref_slam_interface/install/ref_slam_interface
[0.023s] -- Found ament_cmake: 1.3.11 (/opt/ros/humble/share/ament_cmake/cmake)
[0.189s] -- Found rosidl_default_generators: 1.2.0 (/opt/ros/humble/share/rosidl_default_generators/cmake)
[0.191s] -- Using all available rosidl_typesupport_c: rosidl_typesupport_fastrtps_c;rosidl_typesupport_introspection_c
[0.193s] -- Found rosidl_adapter: 3.1.6 (/opt/ros/humble/share/rosidl_adapter/cmake)
[0.225s] -- Using all available rosidl_typesupport_cpp: rosidl_typesupport_fastrtps_cpp;rosidl_typesupport_introspection_cpp
[0.374s] [31mCMake Error at /opt/ros/humble/share/rosidl_adapter/cmake/rosidl_adapt_interfaces.cmake:59 (message):
[0.374s]   execute_process(/home/huanyue/.conda/envs/inu-python3.6/bin/python3 -m
[0.374s]   rosidl_adapter --package-name ref_slam_interface --arguments-file
[0.374s]   /home/huanyue/weicanming/ros2_projects/usbcan_ws/src/ref_slam_interface/build/ref_slam_interface/rosidl_adapter__arguments__ref_slam_interface.json
[0.374s]   --output-dir
[0.374s]   /home/huanyue/weicanming/ros2_projects/usbcan_ws/src/ref_slam_interface/build/ref_slam_interface/rosidl_adapter/ref_slam_interface
[0.374s]   --output-file
[0.374s]   /home/huanyue/weicanming/ros2_projects/usbcan_ws/src/ref_slam_interface/build/ref_slam_interface/rosidl_adapter/ref_slam_interface.idls)
[0.374s]   returned error code 1:
[0.375s] 
[0.375s]   Traceback (most recent call last):
[0.375s] 
[0.375s]     File "/home/huanyue/.conda/envs/inu-python3.6/lib/python3.6/runpy.py", line 193, in _run_module_as_main
[0.375s]       "__main__", mod_spec)
[0.375s]     File "/home/huanyue/.conda/envs/inu-python3.6/lib/python3.6/runpy.py", line 85, in _run_code
[0.375s]       exec(code, run_globals)
[0.375s]     File "/opt/ros/humble/local/lib/python3.10/dist-packages/rosidl_adapter/__main__.py", line 19, in <module>
[0.375s]       sys.exit(main())
[0.375s]     File "/opt/ros/humble/local/lib/python3.10/dist-packages/rosidl_adapter/main.py", line 55, in main
[0.375s]       pathlib.Path(relative_path), output_dir)
[0.375s]     File "/opt/ros/humble/local/lib/python3.10/dist-packages/rosidl_adapter/__init__.py", line 23, in convert_to_idl
[0.375s]       from rosidl_adapter.srv import convert_srv_to_idl
[0.375s]     File "/opt/ros/humble/local/lib/python3.10/dist-packages/rosidl_adapter/srv/__init__.py", line 16, in <module>
[0.375s]       from rosidl_adapter.resource import expand_template
[0.375s]     File "/opt/ros/humble/local/lib/python3.10/dist-packages/rosidl_adapter/resource/__init__.py", line 19, in <module>
[0.375s]       import em
[0.375s] 
[0.375s]   ModuleNotFoundError: No module named 'em'
[0.375s] 
[0.375s] Call Stack (most recent call first):
[0.375s]   /opt/ros/humble/share/rosidl_cmake/cmake/rosidl_generate_interfaces.cmake:130 (rosidl_adapt_interfaces)
[0.375s]   CMakeLists.txt:19 (rosidl_generate_interfaces)
[0.376s] 
[0.376s] [0m
[0.376s] -- Configuring incomplete, errors occurred!
[0.376s] See also "/home/huanyue/weicanming/ros2_projects/usbcan_ws/src/ref_slam_interface/build/ref_slam_interface/CMakeFiles/CMakeOutput.log".
[0.378s] Invoked command in '/home/huanyue/weicanming/ros2_projects/usbcan_ws/src/ref_slam_interface/build/ref_slam_interface' returned '1': CMAKE_PREFIX_PATH=/opt/ros/humble CONDA_PROMPT_MODIFIER=(inu-python3.6) /usr/bin/cmake /home/huanyue/weicanming/ros2_projects/usbcan_ws/src/ref_slam_interface -DCMAKE_INSTALL_PREFIX=/home/huanyue/weicanming/ros2_projects/usbcan_ws/src/ref_slam_interface/install/ref_slam_interface
